This file contains any messages produced by compilers while
running configure, to aid debugging if configure makes a mistake.

It was created by ukb configure 2.0, which was
generated by GNU Autoconf 2.68.  Invocation command line was

  $ ./configure CC=/usr/bin/gcc CXX=/usr/bin/g++ CFLAGS=-g3 -gdwarf-2 CXXFLAGS=-g3 -gdwarf-2

## --------- ##
## Platform. ##
## --------- ##

hostname = ubuntu
uname -m = i686
uname -r = 3.5.0-23-generic
uname -s = Linux
uname -v = #35-Ubuntu SMP Thu Jan 24 13:05:29 UTC 2013

/usr/bin/uname -p = unknown
/bin/uname -X     = unknown

/bin/arch              = unknown
/usr/bin/arch -k       = unknown
/usr/convex/getsysinfo = unknown
/usr/bin/hostinfo      = unknown
/bin/machine           = unknown
/usr/bin/oslevel       = unknown
/bin/universe          = unknown

PATH: /usr/bin
PATH: /bin
PATH: /usr/bin
PATH: /usr/lib/lightdm/lightdm
PATH: /usr/local/sbin
PATH: /usr/local/bin
PATH: /usr/sbin
PATH: /usr/bin
PATH: /sbin
PATH: /bin
PATH: /usr/games
PATH: /usr/local/games


## ----------- ##
## Core tests. ##
## ----------- ##

configure:1977: checking for C++ compiler version
configure:1986: /usr/bin/g++ --version >&5
g++ (Ubuntu/Linaro 4.7.2-2ubuntu1) 4.7.2
Copyright (C) 2012 Free Software Foundation, Inc.
This is free software; see the source for copying conditions.  There is NO
warranty; not even for MERCHANTABILITY or FITNESS FOR A PARTICULAR PURPOSE.

configure:1997: $? = 0
configure:1986: /usr/bin/g++ -v >&5
Using built-in specs.
COLLECT_GCC=/usr/bin/g++
COLLECT_LTO_WRAPPER=/usr/lib/gcc/i686-linux-gnu/4.7/lto-wrapper
Target: i686-linux-gnu
Configured with: ../src/configure -v --with-pkgversion='Ubuntu/Linaro 4.7.2-2ubuntu1' --with-bugurl=file:///usr/share/doc/gcc-4.7/README.Bugs --enable-languages=c,c++,go,fortran,objc,obj-c++ --prefix=/usr --program-suffix=-4.7 --enable-shared --enable-linker-build-id --with-system-zlib --libexecdir=/usr/lib --without-included-gettext --enable-threads=posix --with-gxx-include-dir=/usr/include/c++/4.7 --libdir=/usr/lib --enable-nls --with-sysroot=/ --enable-clocale=gnu --enable-libstdcxx-debug --enable-libstdcxx-time=yes --enable-gnu-unique-object --enable-plugin --enable-objc-gc --enable-targets=all --disable-werror --with-arch-32=i686 --with-tune=generic --enable-checking=release --build=i686-linux-gnu --host=i686-linux-gnu --target=i686-linux-gnu
Thread model: posix
gcc version 4.7.2 (Ubuntu/Linaro 4.7.2-2ubuntu1) 
configure:1997: $? = 0
configure:1986: /usr/bin/g++ -V >&5
g++: error: unrecognized command line option '-V'
g++: fatal error: no input files
compilation terminated.
configure:1997: $? = 4
configure:1986: /usr/bin/g++ -qversion >&5
g++: error: unrecognized command line option '-qversion'
g++: fatal error: no input files
compilation terminated.
configure:1997: $? = 4
configure:2017: checking whether the C++ compiler works
configure:2039: /usr/bin/g++ -g3 -gdwarf-2   conftest.cpp  >&5
configure:2043: $? = 0
configure:2091: result: yes
configure:2094: checking for C++ compiler default output file name
configure:2096: result: a.out
configure:2102: checking for suffix of executables
configure:2109: /usr/bin/g++ -o conftest -g3 -gdwarf-2   conftest.cpp  >&5
configure:2113: $? = 0
configure:2135: result: 
configure:2157: checking whether we are cross compiling
configure:2165: /usr/bin/g++ -o conftest -g3 -gdwarf-2   conftest.cpp  >&5
configure:2169: $? = 0
configure:2176: ./conftest
configure:2180: $? = 0
configure:2195: result: no
configure:2200: checking for suffix of object files
configure:2222: /usr/bin/g++ -c -g3 -gdwarf-2  conftest.cpp >&5
configure:2226: $? = 0
configure:2247: result: o
configure:2251: checking whether we are using the GNU C++ compiler
configure:2270: /usr/bin/g++ -c -g3 -gdwarf-2  conftest.cpp >&5
configure:2270: $? = 0
configure:2279: result: yes
configure:2288: checking whether /usr/bin/g++ accepts -g
configure:2308: /usr/bin/g++ -c -g  conftest.cpp >&5
configure:2308: $? = 0
configure:2349: result: yes
configure:2379: checking whether make sets $(MAKE)
configure:2401: result: yes
configure:2417: checking how to run the C++ preprocessor
configure:2444: /usr/bin/g++ -E  conftest.cpp
configure:2444: $? = 0
configure:2458: /usr/bin/g++ -E  conftest.cpp
conftest.cpp:9:28: fatal error: ac_nonexistent.h: No such file or directory
compilation terminated.
configure:2458: $? = 1
configure: failed program was:
| /* confdefs.h */
| #define PACKAGE_NAME "ukb"
| #define PACKAGE_TARNAME "ukb"
| #define PACKAGE_VERSION "2.0"
| #define PACKAGE_STRING "ukb 2.0"
| #define PACKAGE_BUGREPORT ""
| #define PACKAGE_URL ""
| /* end confdefs.h.  */
| #include <ac_nonexistent.h>
configure:2483: result: /usr/bin/g++ -E
configure:2503: /usr/bin/g++ -E  conftest.cpp
configure:2503: $? = 0
configure:2517: /usr/bin/g++ -E  conftest.cpp
conftest.cpp:9:28: fatal error: ac_nonexistent.h: No such file or directory
compilation terminated.
configure:2517: $? = 1
configure: failed program was:
| /* confdefs.h */
| #define PACKAGE_NAME "ukb"
| #define PACKAGE_TARNAME "ukb"
| #define PACKAGE_VERSION "2.0"
| #define PACKAGE_STRING "ukb 2.0"
| #define PACKAGE_BUGREPORT ""
| #define PACKAGE_URL ""
| /* end confdefs.h.  */
| #include <ac_nonexistent.h>
configure:2546: checking for grep that handles long lines and -e
configure:2604: result: /bin/grep
configure:2609: checking for egrep
configure:2671: result: /bin/grep -E
configure:2676: checking for ANSI C header files
configure:2696: /usr/bin/g++ -c -g3 -gdwarf-2  conftest.cpp >&5
configure:2696: $? = 0
configure:2769: /usr/bin/g++ -o conftest -g3 -gdwarf-2   conftest.cpp  >&5
configure:2769: $? = 0
configure:2769: ./conftest
configure:2769: $? = 0
configure:2780: result: yes
configure:2823: checking for /usr/include/boost/graph/adjacency_list.hpp
configure:2837: result: yes
configure:2848: checking for /usr/include/boost/tokenizer.hpp
configure:2862: result: yes
configure:2873: checking for /usr/include/boost/lexical_cast.hpp
configure:2887: result: yes
configure:2898: checking for /usr/include/boost/filesystem/path.hpp
configure:2912: result: yes
configure:2925: checking for main in -lboost_program_options
configure:2944: /usr/bin/g++ -o conftest -g3 -gdwarf-2   conftest.cpp -lboost_program_options   >&5
configure:2944: $? = 0
configure:2953: result: yes
configure:2962: checking for main in -lboost_system
configure:2981: /usr/bin/g++ -o conftest -g3 -gdwarf-2   -lboost_program_options conftest.cpp -lboost_system   >&5
configure:2981: $? = 0
configure:2990: result: yes
configure:2997: checking for main in -lboost_filesystem
configure:3016: /usr/bin/g++ -o conftest -g3 -gdwarf-2   -lboost_program_options -lboost_system conftest.cpp -lboost_filesystem   >&5
configure:3016: $? = 0
configure:3025: result: yes
configure:3190: creating ./config.status

## ---------------------- ##
## Running config.status. ##
## ---------------------- ##

This file was extended by ukb config.status 2.0, which was
generated by GNU Autoconf 2.68.  Invocation command line was

  CONFIG_FILES    = 
  CONFIG_HEADERS  = 
  CONFIG_LINKS    = 
  CONFIG_COMMANDS = 
  $ ./config.status 

on ubuntu

config.status:739: creating Makefile

## ---------------- ##
## Cache variables. ##
## ---------------- ##

ac_cv_cxx_compiler_gnu=yes
ac_cv_env_CCC_set=
ac_cv_env_CCC_value=
ac_cv_env_CPPFLAGS_set=
ac_cv_env_CPPFLAGS_value=
ac_cv_env_CXXCPP_set=
ac_cv_env_CXXCPP_value=
ac_cv_env_CXXFLAGS_set=set
ac_cv_env_CXXFLAGS_value='-g3 -gdwarf-2'
ac_cv_env_CXX_set=set
ac_cv_env_CXX_value=/usr/bin/g++
ac_cv_env_LDFLAGS_set=
ac_cv_env_LDFLAGS_value=
ac_cv_env_LIBS_set=
ac_cv_env_LIBS_value=
ac_cv_env_build_alias_set=
ac_cv_env_build_alias_value=
ac_cv_env_host_alias_set=
ac_cv_env_host_alias_value=
ac_cv_env_target_alias_set=
ac_cv_env_target_alias_value=
ac_cv_file__usr_include_boost_filesystem_path_hpp=yes
ac_cv_file__usr_include_boost_graph_adjacency_list_hpp=yes
ac_cv_file__usr_include_boost_lexical_cast_hpp=yes
ac_cv_file__usr_include_boost_tokenizer_hpp=yes
ac_cv_header_stdc=yes
ac_cv_lib_boost_filesystem_main=yes
ac_cv_lib_boost_program_options_main=yes
ac_cv_lib_boost_system_main=yes
ac_cv_objext=o
ac_cv_path_EGREP='/bin/grep -E'
ac_cv_path_GREP=/bin/grep
ac_cv_prog_CXXCPP='/usr/bin/g++ -E'
ac_cv_prog_cxx_g=yes
ac_cv_prog_make_make_set=yes

## ----------------- ##
## Output variables. ##
## ----------------- ##

BOOST_INCLUDE_DIR='/usr/include'
BOOST_LIB_DIR=''
CCFLAGS='-O3 -Wall -Wno-deprecated'
CPPFLAGS=''
CXX='/usr/bin/g++'
CXXCPP='/usr/bin/g++ -E'
CXXFLAGS='-g3 -gdwarf-2'
DEFS='-DPACKAGE_NAME=\"ukb\" -DPACKAGE_TARNAME=\"ukb\" -DPACKAGE_VERSION=\"2.0\" -DPACKAGE_STRING=\"ukb\ 2.0\" -DPACKAGE_BUGREPORT=\"\" -DPACKAGE_URL=\"\" -DSTDC_HEADERS=1'
ECHO_C=''
ECHO_N='-n'
ECHO_T=''
EGREP='/bin/grep -E'
ENABLE_STATIC=''
EXEEXT=''
GREP='/bin/grep'
LDFLAGS=' -lboost_program_options -lboost_system -lboost_filesystem'
LIBOBJS=''
LIBS=''
LTLIBOBJS=''
OBJEXT='o'
PACKAGE_BUGREPORT=''
PACKAGE_NAME='ukb'
PACKAGE_STRING='ukb 2.0'
PACKAGE_TARNAME='ukb'
PACKAGE_URL=''
PACKAGE_VERSION='2.0'
PATH_SEPARATOR=':'
SET_MAKE=''
SHELL='/bin/bash'
ac_ct_CXX=''
bindir='${exec_prefix}/bin'
build_alias=''
datadir='${datarootdir}'
datarootdir='${prefix}/share'
docdir='${datarootdir}/doc/${PACKAGE_TARNAME}'
dvidir='${docdir}'
exec_prefix='${prefix}'
host_alias=''
htmldir='${docdir}'
includedir='${prefix}/include'
infodir='${datarootdir}/info'
libdir='${exec_prefix}/lib'
libexecdir='${exec_prefix}/libexec'
localedir='${datarootdir}/locale'
localstatedir='${prefix}/var'
mandir='${datarootdir}/man'
oldincludedir='/usr/include'
pdfdir='${docdir}'
prefix='/usr/local'
program_transform_name='s,x,x,'
psdir='${docdir}'
sbindir='${exec_prefix}/sbin'
sharedstatedir='${prefix}/com'
sysconfdir='${prefix}/etc'
target_alias=''

## ----------- ##
## confdefs.h. ##
## ----------- ##

/* confdefs.h */
#define PACKAGE_NAME "ukb"
#define PACKAGE_TARNAME "ukb"
#define PACKAGE_VERSION "2.0"
#define PACKAGE_STRING "ukb 2.0"
#define PACKAGE_BUGREPORT ""
#define PACKAGE_URL ""
#define STDC_HEADERS 1

configure: exit 0
